<?xml version="1.0" encoding="UTF-8"?>
<!-- Generated by org.testng.reporters.JUnitXMLReporter -->
<testsuite ignored="0" hostname="LENOVO" failures="1" tests="2" name="Listeners" time="0.084" errors="0" timestamp="12 Apr 2022 16:43:11 GMT">
  <testcase classname="com.web.NewTest" name="fail" time="0.025">
    <failure type="java.lang.AssertionError" message="expected [true] but found [false]">
      <![CDATA[java.lang.AssertionError: expected [true] but found [false]
	at com.web.NewTest.fail(NewTest.java:17)
... Removed 29 stack frames]]>
    </failure>
  </testcase> <!-- fail -->
  <testcase classname="com.web.NewTest" name="sum" time="0.003"/>
</testsuite> <!-- Listeners -->
